Running: C:\Xilinx_ISE_Design_Suite\14.7\ISE_DS\ISE\bin\nt64\unwrapped\fuse.exe -intstyle ise -incremental -lib unisims_ver -lib unimacro_ver -lib xilinxcorelib_ver -lib secureip -o C:/Users/Rosswell/Documents/Pong/pong_top_tf_isim_beh.exe -prj C:/Users/Rosswell/Documents/Pong/pong_top_tf_beh.prj work.pong_top_tf work.glbl 
ISim P.20131013 (signature 0x7708f090)
Number of CPUs detected in this system: 4
Turning on mult-threading, number of parallel sub-compilation jobs: 8 
Determining compilation order of HDL files
Analyzing Verilog file "C:/Users/Rosswell/Documents/Pong/vga_sync.v" into library work
Analyzing Verilog file "C:/Users/Rosswell/Documents/Pong/pong_graphics.v" into library work
Analyzing Verilog file "C:/Users/Rosswell/Documents/Pong/pong_top_st.v" into library work
Analyzing Verilog file "C:/Users/Rosswell/Documents/Pong/pong_top_tf.v" into library work
Analyzing Verilog file "C:/Xilinx_ISE_Design_Suite/14.7/ISE_DS/ISE//verilog/src/glbl.v" into library work
Starting static elaboration
Completed static elaboration
Compiling module vga_sync
Compiling module pong_graphics
Compiling module pong_top
Compiling module pong_top_tf
Compiling module glbl
Time Resolution for simulation is 1ps.
Waiting for 1 sub-compilation(s) to finish...
Compiled 5 Verilog Units
Built simulation executable C:/Users/Rosswell/Documents/Pong/pong_top_tf_isim_beh.exe
Fuse Memory Usage: 28544 KB
Fuse CPU Usage: 484 ms
