--------------------------------------------------------------------------------
Release 14.7 Trace  (nt64)
Copyright (c) 1995-2013 Xilinx, Inc.  All rights reserved.

C:\Xilinx_ISE_14.7\14.7\ISE_DS\ISE\bin\nt64\unwrapped\trce.exe -intstyle ise -v
3 -s 3 -n 3 -fastpaths -xml pong_animated_top.twx pong_animated_top.ncd -o
pong_animated_top.twr pong_animated_top.pcf -ucf pong nexys4ddr.ucf

Design file:              pong_animated_top.ncd
Physical constraint file: pong_animated_top.pcf
Device,package,speed:     xc7a100t,csg324,C,-3 (PRODUCTION 1.10 2013-10-13)
Report level:             verbose report

Environment Variable      Effect 
--------------------      ------ 
NONE                      No environment variables were set
--------------------------------------------------------------------------------

INFO:Timing:2698 - No timing constraints found, doing default enumeration.
INFO:Timing:3412 - To improve timing, see the Timing Closure User Guide (UG612).
INFO:Timing:2752 - To get complete path coverage, use the unconstrained paths 
   option. All paths that are not constrained will be reported in the 
   unconstrained paths section(s) of the report.
INFO:Timing:3339 - The clock-to-out numbers in this timing report are based on 
   a 50 Ohm transmission line loading model.  For the details of this model, 
   and for more information on accounting for different loading conditions, 
   please see the device datasheet.



Data Sheet report:
-----------------
All values displayed in nanoseconds (ns)

Setup/Hold to clock clk
------------+------------+------------+------------+------------+------------------+--------+
            |Max Setup to|  Process   |Max Hold to |  Process   |                  | Clock  |
Source      | clk (edge) |   Corner   | clk (edge) |   Corner   |Internal Clock(s) | Phase  |
------------+------------+------------+------------+------------+------------------+--------+
btn<0>      |    0.667(R)|      FAST  |    0.828(R)|      SLOW  |clk_BUFGP         |   0.000|
btn<1>      |    1.102(R)|      FAST  |    1.306(R)|      SLOW  |clk_BUFGP         |   0.000|
rst         |    0.923(R)|      FAST  |    1.133(R)|      SLOW  |clk_BUFGP         |   0.000|
------------+------------+------------+------------+------------+------------------+--------+

Clock clk to Pad
------------+-----------------+------------+-----------------+------------+------------------+--------+
            |Max (slowest) clk|  Process   |Min (fastest) clk|  Process   |                  | Clock  |
Destination |  (edge) to PAD  |   Corner   |  (edge) to PAD  |   Corner   |Internal Clock(s) | Phase  |
------------+-----------------+------------+-----------------+------------+------------------+--------+
hsync       |        10.168(R)|      SLOW  |         3.926(R)|      FAST  |clk_BUFGP         |   0.000|
rgb<0>      |        10.552(R)|      SLOW  |         4.161(R)|      FAST  |clk_BUFGP         |   0.000|
rgb<1>      |        10.243(R)|      SLOW  |         3.995(R)|      FAST  |clk_BUFGP         |   0.000|
rgb<2>      |         9.900(R)|      SLOW  |         3.793(R)|      FAST  |clk_BUFGP         |   0.000|
rgb<3>      |        10.570(R)|      SLOW  |         4.217(R)|      FAST  |clk_BUFGP         |   0.000|
rgb<4>      |        10.691(R)|      SLOW  |         4.247(R)|      FAST  |clk_BUFGP         |   0.000|
rgb<5>      |        10.086(R)|      SLOW  |         3.871(R)|      FAST  |clk_BUFGP         |   0.000|
rgb<6>      |        10.291(R)|      SLOW  |         3.955(R)|      FAST  |clk_BUFGP         |   0.000|
rgb<7>      |        10.392(R)|      SLOW  |         4.089(R)|      FAST  |clk_BUFGP         |   0.000|
rgb<8>      |         9.896(R)|      SLOW  |         3.808(R)|      FAST  |clk_BUFGP         |   0.000|
rgb<9>      |        10.099(R)|      SLOW  |         3.919(R)|      FAST  |clk_BUFGP         |   0.000|
rgb<10>     |        10.596(R)|      SLOW  |         4.156(R)|      FAST  |clk_BUFGP         |   0.000|
rgb<11>     |        10.391(R)|      SLOW  |         4.139(R)|      FAST  |clk_BUFGP         |   0.000|
vsync       |        10.100(R)|      SLOW  |         3.866(R)|      FAST  |clk_BUFGP         |   0.000|
------------+-----------------+------------+-----------------+------------+------------------+--------+

Clock to Setup on destination clock clk
---------------+---------+---------+---------+---------+
               | Src:Rise| Src:Fall| Src:Rise| Src:Fall|
Source Clock   |Dest:Rise|Dest:Rise|Dest:Fall|Dest:Fall|
---------------+---------+---------+---------+---------+
clk            |    3.682|         |         |         |
---------------+---------+---------+---------+---------+


Analysis completed Tue May 08 15:01:58 2018 
--------------------------------------------------------------------------------

Trace Settings:
-------------------------
Trace Settings 

Peak Memory Usage: 1044 MB



