Release 14.7 - xst P.20131013 (nt64)
Copyright (c) 1995-2013 Xilinx, Inc.  All rights reserved.
--> Parameter TMPDIR set to xst/projnav.tmp


Total REAL time to Xst completion: 0.00 secs
Total CPU time to Xst completion: 0.27 secs
 
--> Parameter xsthdpdir set to xst


Total REAL time to Xst completion: 0.00 secs
Total CPU time to Xst completion: 0.27 secs
 
--> Reading design: pong_animated_top.prj

TABLE OF CONTENTS
  1) Synthesis Options Summary
  2) HDL Parsing
  3) HDL Elaboration
  4) HDL Synthesis
       4.1) HDL Synthesis Report
  5) Advanced HDL Synthesis
       5.1) Advanced HDL Synthesis Report
  6) Low Level Synthesis
  7) Partition Report
  8) Design Summary
       8.1) Primitive and Black Box Usage
       8.2) Device utilization summary
       8.3) Partition Resource Summary
       8.4) Timing Report
            8.4.1) Clock Information
            8.4.2) Asynchronous Control Signals Information
            8.4.3) Timing Summary
            8.4.4) Timing Details
            8.4.5) Cross Clock Domains Report


=========================================================================
*                      Synthesis Options Summary                        *
=========================================================================
---- Source Parameters
Input File Name                    : "pong_animated_top.prj"
Ignore Synthesis Constraint File   : NO

---- Target Parameters
Output File Name                   : "pong_animated_top"
Output Format                      : NGC
Target Device                      : xc7a100t-3-csg324

---- Source Options
Top Module Name                    : pong_animated_top
Automatic FSM Extraction           : YES
FSM Encoding Algorithm             : Auto
Safe Implementation                : No
FSM Style                          : LUT
RAM Extraction                     : Yes
RAM Style                          : Auto
ROM Extraction                     : Yes
Shift Register Extraction          : YES
ROM Style                          : Auto
Resource Sharing                   : YES
Asynchronous To Synchronous        : NO
Shift Register Minimum Size        : 2
Use DSP Block                      : Auto
Automatic Register Balancing       : No

---- Target Options
LUT Combining                      : Auto
Reduce Control Sets                : Auto
Add IO Buffers                     : YES
Global Maximum Fanout              : 100000
Add Generic Clock Buffer(BUFG)     : 32
Register Duplication               : YES
Optimize Instantiated Primitives   : NO
Use Clock Enable                   : Auto
Use Synchronous Set                : Auto
Use Synchronous Reset              : Auto
Pack IO Registers into IOBs        : Auto
Equivalent register Removal        : YES

---- General Options
Optimization Goal                  : Speed
Optimization Effort                : 1
Power Reduction                    : NO
Keep Hierarchy                     : No
Netlist Hierarchy                  : As_Optimized
RTL Output                         : Yes
Global Optimization                : AllClockNets
Read Cores                         : YES
Write Timing Constraints           : NO
Cross Clock Analysis               : NO
Hierarchy Separator                : /
Bus Delimiter                      : <>
Case Specifier                     : Maintain
Slice Utilization Ratio            : 100
BRAM Utilization Ratio             : 100
DSP48 Utilization Ratio            : 100
Auto BRAM Packing                  : NO
Slice Utilization Ratio Delta      : 5

=========================================================================


=========================================================================
*                          HDL Parsing                                  *
=========================================================================
Analyzing Verilog file "C:\Users\016091762\Downloads\Pong-master\Pong-master\Pong-master\vga_sync.v" into library work
Parsing module <vga_sync>.
Analyzing Verilog file "C:\Users\016091762\Downloads\Pong-master\Pong-master\Pong-master\animated_graphics.v" into library work
Parsing module <animated_graphics>.
Analyzing Verilog file "C:\Users\016091762\Downloads\Pong-master\Pong-master\Pong-master\pong_animated_top.v" into library work
Parsing module <pong_animated_top>.

=========================================================================
*                            HDL Elaboration                            *
=========================================================================

Elaborating module <pong_animated_top>.

Elaborating module <vga_sync>.

Elaborating module <animated_graphics>.
WARNING:HDLCompiler:413 - "C:\Users\016091762\Downloads\Pong-master\Pong-master\Pong-master\animated_graphics.v" Line 71: Result of 32-bit expression is truncated to fit in 10-bit target.
WARNING:HDLCompiler:413 - "C:\Users\016091762\Downloads\Pong-master\Pong-master\Pong-master\animated_graphics.v" Line 81: Result of 11-bit expression is truncated to fit in 10-bit target.
WARNING:HDLCompiler:413 - "C:\Users\016091762\Downloads\Pong-master\Pong-master\Pong-master\animated_graphics.v" Line 83: Result of 32-bit expression is truncated to fit in 10-bit target.
WARNING:HDLCompiler:413 - "C:\Users\016091762\Downloads\Pong-master\Pong-master\Pong-master\animated_graphics.v" Line 88: Result of 32-bit expression is truncated to fit in 10-bit target.
WARNING:HDLCompiler:413 - "C:\Users\016091762\Downloads\Pong-master\Pong-master\Pong-master\animated_graphics.v" Line 89: Result of 32-bit expression is truncated to fit in 10-bit target.

=========================================================================
*                           HDL Synthesis                               *
=========================================================================

Synthesizing Unit <pong_animated_top>.
    Related source file is "C:\Users\016091762\Downloads\Pong-master\Pong-master\Pong-master\pong_animated_top.v".
    Found 12-bit register for signal <rgb>.
    Summary:
	inferred  12 D-type flip-flop(s).
Unit <pong_animated_top> synthesized.

Synthesizing Unit <vga_sync>.
    Related source file is "C:\Users\016091762\Downloads\Pong-master\Pong-master\Pong-master\vga_sync.v".
    Found 10-bit register for signal <pixel_y>.
    Found 10-bit register for signal <pixel_x>.
    Found 2-bit register for signal <count>.
    Found 1-bit register for signal <v_sync_reg>.
    Found 1-bit register for signal <h_sync_reg>.
    Found 2-bit adder for signal <count[1]_GND_2_o_add_1_OUT> created at line 41.
    Found 10-bit adder for signal <pixel_x[9]_GND_2_o_add_8_OUT> created at line 71.
    Found 10-bit adder for signal <pixel_y[9]_GND_2_o_add_11_OUT> created at line 74.
    Found 10-bit comparator lessequal for signal <n0016> created at line 77
    Found 10-bit comparator lessequal for signal <n0018> created at line 77
    Found 10-bit comparator lessequal for signal <n0021> created at line 79
    Found 10-bit comparator lessequal for signal <n0023> created at line 79
    Found 10-bit comparator lessequal for signal <n0026> created at line 84
    Found 10-bit comparator lessequal for signal <n0028> created at line 86
    Summary:
	inferred   3 Adder/Subtractor(s).
	inferred  24 D-type flip-flop(s).
	inferred   6 Comparator(s).
	inferred   3 Multiplexer(s).
Unit <vga_sync> synthesized.

Synthesizing Unit <animated_graphics>.
    Related source file is "C:\Users\016091762\Downloads\Pong-master\Pong-master\Pong-master\animated_graphics.v".
    Found 10-bit register for signal <ball_x_reg>.
    Found 10-bit register for signal <ball_y_reg>.
    Found 10-bit register for signal <bar_y_reg>.
    Found 10-bit register for signal <y_delta_reg>.
    Found 10-bit register for signal <x_delta_reg>.
    Found 3-bit subtractor for signal <rom_addr> created at line 93.
    Found 3-bit subtractor for signal <rom_col> created at line 94.
    Found 11-bit adder for signal <n0147> created at line 71.
    Found 10-bit adder for signal <bar_y_reg[9]_GND_3_o_add_20_OUT> created at line 81.
    Found 11-bit adder for signal <n0151> created at line 88.
    Found 11-bit adder for signal <n0153> created at line 89.
    Found 10-bit adder for signal <ball_x_reg[9]_x_delta_reg[9]_add_40_OUT> created at line 98.
    Found 10-bit adder for signal <ball_y_reg[9]_y_delta_reg[9]_add_42_OUT> created at line 100.
    Found 10-bit subtractor for signal <bar_y_b> created at line 24.
    Found 10-bit subtractor for signal <GND_3_o_GND_3_o_sub_23_OUT<9:0>> created at line 83.
    Found 10-bit subtractor for signal <ball_x_r> created at line 26.
    Found 10-bit subtractor for signal <ball_y_b> created at line 27.
    Found 10-bit comparator lessequal for signal <n0007> created at line 68
    Found 10-bit comparator lessequal for signal <n0009> created at line 68
    Found 10-bit comparator lessequal for signal <n0016> created at line 72
    Found 10-bit comparator lessequal for signal <n0018> created at line 72
    Found 10-bit comparator lessequal for signal <n0021> created at line 73
    Found 10-bit comparator lessequal for signal <n0024> created at line 73
    Found 10-bit comparator greater for signal <bar_y_b[9]_GND_3_o_LessThan_20_o> created at line 80
    Found 10-bit comparator greater for signal <GND_3_o_bar_y_t[9]_LessThan_22_o> created at line 82
    Found 10-bit comparator lessequal for signal <n0043> created at line 91
    Found 10-bit comparator lessequal for signal <n0045> created at line 91
    Found 10-bit comparator lessequal for signal <n0048> created at line 92
    Found 10-bit comparator lessequal for signal <n0051> created at line 92
    Found 10-bit comparator greater for signal <ball_y_t[9]_GND_3_o_LessThan_45_o> created at line 107
    Found 10-bit comparator greater for signal <GND_3_o_ball_y_b[9]_LessThan_46_o> created at line 109
    Found 10-bit comparator greater for signal <n0065> created at line 111
    Found 10-bit comparator lessequal for signal <n0067> created at line 113
    Found 10-bit comparator lessequal for signal <n0069> created at line 113
    Found 10-bit comparator lessequal for signal <n0072> created at line 114
    Found 10-bit comparator lessequal for signal <n0075> created at line 114
    Summary:
	inferred  11 Adder/Subtractor(s).
	inferred  50 D-type flip-flop(s).
	inferred  19 Comparator(s).
	inferred   8 Multiplexer(s).
Unit <animated_graphics> synthesized.

=========================================================================
HDL Synthesis Report

Macro Statistics
# Adders/Subtractors                                   : 14
 10-bit adder                                          : 4
 10-bit addsub                                         : 1
 10-bit subtractor                                     : 3
 11-bit adder                                          : 3
 2-bit adder                                           : 1
 3-bit subtractor                                      : 2
# Registers                                            : 11
 1-bit register                                        : 2
 10-bit register                                       : 7
 12-bit register                                       : 1
 2-bit register                                        : 1
# Comparators                                          : 25
 10-bit comparator greater                             : 5
 10-bit comparator lessequal                           : 20
# Multiplexers                                         : 11
 1-bit 2-to-1 multiplexer                              : 5
 10-bit 2-to-1 multiplexer                             : 2
 12-bit 2-to-1 multiplexer                             : 3
 2-bit 2-to-1 multiplexer                              : 1

=========================================================================

=========================================================================
*                       Advanced HDL Synthesis                          *
=========================================================================

INFO:Xst:2261 - The FF/Latch <x_delta_reg_3> in Unit <gfx> is equivalent to the following 6 FFs/Latches, which will be removed : <x_delta_reg_4> <x_delta_reg_5> <x_delta_reg_6> <x_delta_reg_7> <x_delta_reg_8> <x_delta_reg_9> 
INFO:Xst:2261 - The FF/Latch <y_delta_reg_3> in Unit <gfx> is equivalent to the following 6 FFs/Latches, which will be removed : <y_delta_reg_4> <y_delta_reg_5> <y_delta_reg_6> <y_delta_reg_7> <y_delta_reg_8> <y_delta_reg_9> 
WARNING:Xst:1710 - FF/Latch <y_delta_reg_0> (without init value) has a constant value of 0 in block <gfx>. This FF/Latch will be trimmed during the optimization process.
WARNING:Xst:1710 - FF/Latch <x_delta_reg_0> (without init value) has a constant value of 0 in block <gfx>. This FF/Latch will be trimmed during the optimization process.

Synthesizing (advanced) Unit <animated_graphics>.
The following registers are absorbed into accumulator <ball_x_reg>: 1 register on signal <ball_x_reg>.
The following registers are absorbed into accumulator <ball_y_reg>: 1 register on signal <ball_y_reg>.
The following registers are absorbed into accumulator <bar_y_reg>: 1 register on signal <bar_y_reg>.
Unit <animated_graphics> synthesized (advanced).

Synthesizing (advanced) Unit <vga_sync>.
The following registers are absorbed into counter <count>: 1 register on signal <count>.
The following registers are absorbed into counter <pixel_y>: 1 register on signal <pixel_y>.
The following registers are absorbed into counter <pixel_x>: 1 register on signal <pixel_x>.
Unit <vga_sync> synthesized (advanced).

=========================================================================
Advanced HDL Synthesis Report

Macro Statistics
# Adders/Subtractors                                   : 8
 10-bit adder                                          : 3
 10-bit subtractor                                     : 3
 3-bit subtractor                                      : 2
# Counters                                             : 3
 10-bit up counter                                     : 2
 2-bit up counter                                      : 1
# Accumulators                                         : 3
 10-bit up accumulator                                 : 2
 10-bit updown accumulator                             : 1
# Registers                                            : 34
 Flip-Flops                                            : 34
# Comparators                                          : 25
 10-bit comparator greater                             : 5
 10-bit comparator lessequal                           : 20
# Multiplexers                                         : 8
 1-bit 2-to-1 multiplexer                              : 5
 12-bit 2-to-1 multiplexer                             : 3

=========================================================================

=========================================================================
*                         Low Level Synthesis                           *
=========================================================================
WARNING:Xst:1710 - FF/Latch <y_delta_reg_0> (without init value) has a constant value of 0 in block <animated_graphics>. This FF/Latch will be trimmed during the optimization process.
WARNING:Xst:1895 - Due to other FF/Latch trimming, FF/Latch <x_delta_reg_0> (without init value) has a constant value of 0 in block <animated_graphics>. This FF/Latch will be trimmed during the optimization process.
INFO:Xst:2261 - The FF/Latch <x_delta_reg_3> in Unit <animated_graphics> is equivalent to the following 6 FFs/Latches, which will be removed : <x_delta_reg_4> <x_delta_reg_5> <x_delta_reg_6> <x_delta_reg_7> <x_delta_reg_8> <x_delta_reg_9> 
INFO:Xst:2261 - The FF/Latch <y_delta_reg_3> in Unit <animated_graphics> is equivalent to the following 6 FFs/Latches, which will be removed : <y_delta_reg_4> <y_delta_reg_5> <y_delta_reg_6> <y_delta_reg_7> <y_delta_reg_8> <y_delta_reg_9> 
WARNING:Xst:1710 - FF/Latch <ball_x_reg_0> (without init value) has a constant value of 0 in block <animated_graphics>. This FF/Latch will be trimmed during the optimization process.
WARNING:Xst:1895 - Due to other FF/Latch trimming, FF/Latch <ball_y_reg_0> (without init value) has a constant value of 0 in block <animated_graphics>. This FF/Latch will be trimmed during the optimization process.

Optimizing unit <pong_animated_top> ...

Optimizing unit <animated_graphics> ...
WARNING:Xst:1710 - FF/Latch <bar_y_reg_0> (without init value) has a constant value of 0 in block <animated_graphics>. This FF/Latch will be trimmed during the optimization process.
WARNING:Xst:1895 - Due to other FF/Latch trimming, FF/Latch <bar_y_reg_1> (without init value) has a constant value of 0 in block <animated_graphics>. This FF/Latch will be trimmed during the optimization process.

Optimizing unit <vga_sync> ...
WARNING:Xst:1710 - FF/Latch <gfx/bar_y_reg_9> (without init value) has a constant value of 0 in block <pong_animated_top>. This FF/Latch will be trimmed during the optimization process.
WARNING:Xst:1895 - Due to other FF/Latch trimming, FF/Latch <gfx/bar_y_reg_1> (without init value) has a constant value of 0 in block <pong_animated_top>. This FF/Latch will be trimmed during the optimization process.
WARNING:Xst:1895 - Due to other FF/Latch trimming, FF/Latch <gfx/bar_y_reg_0> (without init value) has a constant value of 0 in block <pong_animated_top>. This FF/Latch will be trimmed during the optimization process.
INFO:Xst:2261 - The FF/Latch <rgb_reg_0> in Unit <pong_animated_top> is equivalent to the following 2 FFs/Latches, which will be removed : <rgb_reg_1> <rgb_reg_2> 
INFO:Xst:2261 - The FF/Latch <rgb_reg_4> in Unit <pong_animated_top> is equivalent to the following FF/Latch, which will be removed : <rgb_reg_7> 
INFO:Xst:2261 - The FF/Latch <rgb_reg_5> in Unit <pong_animated_top> is equivalent to the following FF/Latch, which will be removed : <rgb_reg_6> 
INFO:Xst:2261 - The FF/Latch <rgb_reg_8> in Unit <pong_animated_top> is equivalent to the following 2 FFs/Latches, which will be removed : <rgb_reg_9> <rgb_reg_10> 

Mapping all equations...
Building and optimizing final netlist ...
Found area constraint ratio of 100 (+ 5) on block pong_animated_top, actual ratio is 0.

Final Macro Processing ...

=========================================================================
Final Register Report

Macro Statistics
# Registers                                            : 61
 Flip-Flops                                            : 61

=========================================================================

=========================================================================
*                           Partition Report                            *
=========================================================================

Partition Implementation Status
-------------------------------

  No Partitions were found in this design.

-------------------------------

=========================================================================
*                            Design Summary                             *
=========================================================================

Top Level Output File Name         : pong_animated_top.ngc

Primitive and Black Box Usage:
------------------------------
# BELS                             : 333
#      GND                         : 1
#      INV                         : 6
#      LUT2                        : 32
#      LUT3                        : 33
#      LUT4                        : 87
#      LUT5                        : 17
#      LUT6                        : 44
#      MUXCY                       : 73
#      MUXF7                       : 1
#      VCC                         : 1
#      XORCY                       : 38
# FlipFlops/Latches                : 61
#      FDC                         : 4
#      FDCE                        : 49
#      FDE                         : 6
#      FDPE                        : 2
# Clock Buffers                    : 1
#      BUFGP                       : 1
# IO Buffers                       : 17
#      IBUF                        : 3
#      OBUF                        : 14

Device utilization summary:
---------------------------

Selected Device : 7a100tcsg324-3 


Slice Logic Utilization: 
 Number of Slice Registers:              61  out of  126800     0%  
 Number of Slice LUTs:                  219  out of  63400     0%  
    Number used as Logic:               219  out of  63400     0%  

Slice Logic Distribution: 
 Number of LUT Flip Flop pairs used:    223
   Number with an unused Flip Flop:     162  out of    223    72%  
   Number with an unused LUT:             4  out of    223     1%  
   Number of fully used LUT-FF pairs:    57  out of    223    25%  
   Number of unique control sets:         8

IO Utilization: 
 Number of IOs:                          18
 Number of bonded IOBs:                  18  out of    210     8%  

Specific Feature Utilization:
 Number of BUFG/BUFGCTRLs:                1  out of     32     3%  

---------------------------
Partition Resource Summary:
---------------------------

  No Partitions were found in this design.

---------------------------


=========================================================================
Timing Report

NOTE: THESE TIMING NUMBERS ARE ONLY A SYNTHESIS ESTIMATE.
      FOR ACCURATE TIMING INFORMATION PLEASE REFER TO THE TRACE REPORT
      GENERATED AFTER PLACE-and-ROUTE.

Clock Information:
------------------
-----------------------------------+------------------------+-------+
Clock Signal                       | Clock buffer(FF name)  | Load  |
-----------------------------------+------------------------+-------+
clk                                | BUFGP                  | 61    |
-----------------------------------+------------------------+-------+

Asynchronous Control Signals Information:
----------------------------------------
No asynchronous control signals found in this design

Timing Summary:
---------------
Speed Grade: -3

   Minimum period: 3.366ns (Maximum Frequency: 297.071MHz)
   Minimum input arrival time before clock: 1.710ns
   Maximum output required time after clock: 1.033ns
   Maximum combinational path delay: No path found

Timing Details:
---------------
All values displayed in nanoseconds (ns)

=========================================================================
Timing constraint: Default period analysis for Clock 'clk'
  Clock period: 3.366ns (frequency: 297.071MHz)
  Total number of paths / destination ports: 4988 / 117
-------------------------------------------------------------------------
Delay:               3.366ns (Levels of Logic = 6)
  Source:            gfx/bar_y_reg_3 (FF)
  Destination:       rgb_reg_8 (FF)
  Source Clock:      clk rising
  Destination Clock: clk rising

  Data Path: gfx/bar_y_reg_3 to rgb_reg_8
                                Gate     Net
    Cell:in->out      fanout   Delay   Delay  Logical Name (Net Name)
    ----------------------------------------  ------------
     FDCE:C->Q            16   0.361   0.625  gfx/bar_y_reg_3 (gfx/bar_y_reg_3)
     LUT4:I0->O            2   0.097   0.299  gfx/Msub_bar_y_b_xor<0>1011 (gfx/Msub_bar_y_b_xor<0>101)
     LUT4:I3->O            4   0.097   0.570  gfx/Msub_bar_y_b_xor<0>101 (gfx/bar_y_b<9>)
     LUT4:I0->O            0   0.097   0.000  gfx/Mcompar_pix_y[9]_bar_y_b[9]_LessThan_18_o_lutdi4 (gfx/Mcompar_pix_y[9]_bar_y_b[9]_LessThan_18_o_lutdi4)
     MUXCY:DI->O           4   0.337   0.000  gfx/Mcompar_pix_y[9]_bar_y_b[9]_LessThan_18_o_cy<4> (gfx/pix_y[9]_bar_y_b[9]_LessThan_18_o)
     MUXCY:CI->O           2   0.262   0.515  gfx/graph_rgb<6>1_cy (rgb_next<4>)
     LUT6:I3->O            1   0.097   0.000  gfx/graph_rgb<9>2_cy_cy_cy_cy_cy_cy_cy_cy_cy_cy_cy_cy_cy_cy_cy_cy_cy_cy_cy_cy_cy_cy_cy_cy_cy_cy_cy_cy_cy_cy_cy_cy_cy_cy_cy_cy_cy_cy_cy_cy_cy_cy_cy_cy_cy (rgb_next<10>)
     FDE:D                     0.008          rgb_reg_8
    ----------------------------------------
    Total                      3.366ns (1.356ns logic, 2.010ns route)
                                       (40.3% logic, 59.7% route)

=========================================================================
Timing constraint: Default OFFSET IN BEFORE for Clock 'clk'
  Total number of paths / destination ports: 82 / 68
-------------------------------------------------------------------------
Offset:              1.710ns (Levels of Logic = 4)
  Source:            btn<1> (PAD)
  Destination:       gfx/bar_y_reg_8 (FF)
  Destination Clock: clk rising

  Data Path: btn<1> to gfx/bar_y_reg_8
                                Gate     Net
    Cell:in->out      fanout   Delay   Delay  Logical Name (Net Name)
    ----------------------------------------  ------------
     IBUF:I->O             8   0.001   0.725  btn_1_IBUF (btn_1_IBUF)
     LUT6:I0->O            3   0.097   0.389  gfx/Maccum_bar_y_reg_xor<6>111 (gfx/Maccum_bar_y_reg_xor<6>111)
     LUT5:I3->O            1   0.097   0.295  gfx/Maccum_bar_y_reg_xor<8>11_SW1 (N46)
     LUT5:I4->O            1   0.097   0.000  gfx/Maccum_bar_y_reg_xor<8>11 (gfx/Result<8>2)
     FDCE:D                    0.008          gfx/bar_y_reg_8
    ----------------------------------------
    Total                      1.710ns (0.300ns logic, 1.410ns route)
                                       (17.5% logic, 82.5% route)

=========================================================================
Timing constraint: Default OFFSET OUT AFTER for Clock 'clk'
  Total number of paths / destination ports: 14 / 14
-------------------------------------------------------------------------
Offset:              1.033ns (Levels of Logic = 2)
  Source:            vsync_unit/h_sync_reg (FF)
  Destination:       hsync (PAD)
  Source Clock:      clk rising

  Data Path: vsync_unit/h_sync_reg to hsync
                                Gate     Net
    Cell:in->out      fanout   Delay   Delay  Logical Name (Net Name)
    ----------------------------------------  ------------
     FDC:C->Q              1   0.361   0.279  vsync_unit/h_sync_reg (vsync_unit/h_sync_reg)
     INV:I->O              1   0.113   0.279  vsync_unit/hsync1_INV_0 (hsync_OBUF)
     OBUF:I->O                 0.000          hsync_OBUF (hsync)
    ----------------------------------------
    Total                      1.033ns (0.474ns logic, 0.559ns route)
                                       (45.9% logic, 54.1% route)

=========================================================================

Cross Clock Domains Report:
--------------------------

Clock to Setup on destination clock clk
---------------+---------+---------+---------+---------+
               | Src:Rise| Src:Fall| Src:Rise| Src:Fall|
Source Clock   |Dest:Rise|Dest:Rise|Dest:Fall|Dest:Fall|
---------------+---------+---------+---------+---------+
clk            |    3.366|         |         |         |
---------------+---------+---------+---------+---------+

=========================================================================


Total REAL time to Xst completion: 30.00 secs
Total CPU time to Xst completion: 30.48 secs
 
--> 

Total memory usage is 581060 kilobytes

Number of errors   :    0 (   0 filtered)
Number of warnings :   16 (   0 filtered)
Number of infos    :    8 (   0 filtered)

