--------------------------------------------------------------------------------
Release 14.7 Trace  (nt64)
Copyright (c) 1995-2013 Xilinx, Inc.  All rights reserved.

C:\Xilinx\14.7\ISE_DS\ISE\bin\nt64\unwrapped\trce.exe -intstyle ise -v 3 -s 3
-n 3 -fastpaths -xml pong_top_st.twx pong_top_st.ncd -o pong_top_st.twr
pong_top_st.pcf -ucf pong nexys4ddr.ucf

Design file:              pong_top_st.ncd
Physical constraint file: pong_top_st.pcf
Device,package,speed:     xc7a100t,csg324,C,-3 (PRODUCTION 1.10 2013-10-13)
Report level:             verbose report

Environment Variable      Effect 
--------------------      ------ 
NONE                      No environment variables were set
--------------------------------------------------------------------------------

INFO:Timing:2698 - No timing constraints found, doing default enumeration.
INFO:Timing:3412 - To improve timing, see the Timing Closure User Guide (UG612).
INFO:Timing:2752 - To get complete path coverage, use the unconstrained paths 
   option. All paths that are not constrained will be reported in the 
   unconstrained paths section(s) of the report.
INFO:Timing:3339 - The clock-to-out numbers in this timing report are based on 
   a 50 Ohm transmission line loading model.  For the details of this model, 
   and for more information on accounting for different loading conditions, 
   please see the device datasheet.



Data Sheet report:
-----------------
All values displayed in nanoseconds (ns)

Setup/Hold to clock clk
------------+------------+------------+------------+------------+------------------+--------+
            |Max Setup to|  Process   |Max Hold to |  Process   |                  | Clock  |
Source      | clk (edge) |   Corner   | clk (edge) |   Corner   |Internal Clock(s) | Phase  |
------------+------------+------------+------------+------------+------------------+--------+
rst         |    0.574(R)|      FAST  |    1.080(R)|      SLOW  |clk_BUFGP         |   0.000|
------------+------------+------------+------------+------------+------------------+--------+

Clock clk to Pad
------------+-----------------+------------+-----------------+------------+------------------+--------+
            |Max (slowest) clk|  Process   |Min (fastest) clk|  Process   |                  | Clock  |
Destination |  (edge) to PAD  |   Corner   |  (edge) to PAD  |   Corner   |Internal Clock(s) | Phase  |
------------+-----------------+------------+-----------------+------------+------------------+--------+
hsync       |         9.845(R)|      SLOW  |         3.739(R)|      FAST  |clk_BUFGP         |   0.000|
rgb<0>      |        11.035(R)|      SLOW  |         4.482(R)|      FAST  |clk_BUFGP         |   0.000|
rgb<1>      |        10.781(R)|      SLOW  |         4.356(R)|      FAST  |clk_BUFGP         |   0.000|
rgb<2>      |        10.529(R)|      SLOW  |         4.202(R)|      FAST  |clk_BUFGP         |   0.000|
rgb<3>      |        10.320(R)|      SLOW  |         4.087(R)|      FAST  |clk_BUFGP         |   0.000|
rgb<5>      |        10.197(R)|      SLOW  |         4.026(R)|      FAST  |clk_BUFGP         |   0.000|
rgb<6>      |        10.191(R)|      SLOW  |         4.036(R)|      FAST  |clk_BUFGP         |   0.000|
rgb<8>      |        10.237(R)|      SLOW  |         4.051(R)|      FAST  |clk_BUFGP         |   0.000|
rgb<9>      |        10.439(R)|      SLOW  |         4.161(R)|      FAST  |clk_BUFGP         |   0.000|
rgb<10>     |        11.123(R)|      SLOW  |         4.523(R)|      FAST  |clk_BUFGP         |   0.000|
rgb<11>     |         9.963(R)|      SLOW  |         3.907(R)|      FAST  |clk_BUFGP         |   0.000|
vsync       |         9.956(R)|      SLOW  |         3.800(R)|      FAST  |clk_BUFGP         |   0.000|
------------+-----------------+------------+-----------------+------------+------------------+--------+

Clock to Setup on destination clock clk
---------------+---------+---------+---------+---------+
               | Src:Rise| Src:Fall| Src:Rise| Src:Fall|
Source Clock   |Dest:Rise|Dest:Rise|Dest:Fall|Dest:Fall|
---------------+---------+---------+---------+---------+
clk            |    2.388|         |         |         |
---------------+---------+---------+---------+---------+


Analysis completed Tue Apr 17 00:28:31 2018 
--------------------------------------------------------------------------------

Trace Settings:
-------------------------
Trace Settings 

Peak Memory Usage: 677 MB



