Release 14.7 - xst P.20131013 (nt64)
Copyright (c) 1995-2013 Xilinx, Inc.  All rights reserved.
--> Parameter TMPDIR set to xst/projnav.tmp


Total REAL time to Xst completion: 0.00 secs
Total CPU time to Xst completion: 0.09 secs
 
--> Parameter xsthdpdir set to xst


Total REAL time to Xst completion: 0.00 secs
Total CPU time to Xst completion: 0.09 secs
 
--> Reading design: pong_top_st.prj

TABLE OF CONTENTS
  1) Synthesis Options Summary
  2) HDL Parsing
  3) HDL Elaboration
  4) HDL Synthesis
       4.1) HDL Synthesis Report
  5) Advanced HDL Synthesis
       5.1) Advanced HDL Synthesis Report
  6) Low Level Synthesis
  7) Partition Report
  8) Design Summary
       8.1) Primitive and Black Box Usage
       8.2) Device utilization summary
       8.3) Partition Resource Summary
       8.4) Timing Report
            8.4.1) Clock Information
            8.4.2) Asynchronous Control Signals Information
            8.4.3) Timing Summary
            8.4.4) Timing Details
            8.4.5) Cross Clock Domains Report


=========================================================================
*                      Synthesis Options Summary                        *
=========================================================================
---- Source Parameters
Input File Name                    : "pong_top_st.prj"
Ignore Synthesis Constraint File   : NO

---- Target Parameters
Output File Name                   : "pong_top_st"
Output Format                      : NGC
Target Device                      : xc7a100t-3-csg324

---- Source Options
Top Module Name                    : pong_top_st
Automatic FSM Extraction           : YES
FSM Encoding Algorithm             : Auto
Safe Implementation                : No
FSM Style                          : LUT
RAM Extraction                     : Yes
RAM Style                          : Auto
ROM Extraction                     : Yes
Shift Register Extraction          : YES
ROM Style                          : Auto
Resource Sharing                   : YES
Asynchronous To Synchronous        : NO
Shift Register Minimum Size        : 2
Use DSP Block                      : Auto
Automatic Register Balancing       : No

---- Target Options
LUT Combining                      : Auto
Reduce Control Sets                : Auto
Add IO Buffers                     : YES
Global Maximum Fanout              : 100000
Add Generic Clock Buffer(BUFG)     : 32
Register Duplication               : YES
Optimize Instantiated Primitives   : NO
Use Clock Enable                   : Auto
Use Synchronous Set                : Auto
Use Synchronous Reset              : Auto
Pack IO Registers into IOBs        : Auto
Equivalent register Removal        : YES

---- General Options
Optimization Goal                  : Speed
Optimization Effort                : 1
Power Reduction                    : NO
Keep Hierarchy                     : No
Netlist Hierarchy                  : As_Optimized
RTL Output                         : Yes
Global Optimization                : AllClockNets
Read Cores                         : YES
Write Timing Constraints           : NO
Cross Clock Analysis               : NO
Hierarchy Separator                : /
Bus Delimiter                      : <>
Case Specifier                     : Maintain
Slice Utilization Ratio            : 100
BRAM Utilization Ratio             : 100
DSP48 Utilization Ratio            : 100
Auto BRAM Packing                  : NO
Slice Utilization Ratio Delta      : 5

=========================================================================


=========================================================================
*                          HDL Parsing                                  *
=========================================================================
Analyzing Verilog file "C:\Users\016091762\Downloads\Pong\Pong\Pong\vga_sync.v" into library work
Parsing module <vga_sync>.
Analyzing Verilog file "C:\Users\016091762\Downloads\Pong\Pong\Pong\pong_graph_st.v" into library work
Parsing module <pong_graph_st>.
Analyzing Verilog file "C:\Users\016091762\Downloads\Pong\Pong\Pong\pong_top_st.v" into library work
Parsing module <pong_top_st>.

=========================================================================
*                            HDL Elaboration                            *
=========================================================================

Elaborating module <pong_top_st>.

Elaborating module <vga_sync>.

Elaborating module <pong_graph_st>.

=========================================================================
*                           HDL Synthesis                               *
=========================================================================

Synthesizing Unit <pong_top_st>.
    Related source file is "C:\Users\016091762\Downloads\Pong\Pong\Pong\pong_top_st.v".
    Found 12-bit register for signal <rgb>.
    Summary:
	inferred  12 D-type flip-flop(s).
Unit <pong_top_st> synthesized.

Synthesizing Unit <vga_sync>.
    Related source file is "C:\Users\016091762\Downloads\Pong\Pong\Pong\vga_sync.v".
    Found 10-bit register for signal <pixel_y>.
    Found 10-bit register for signal <pixel_x>.
    Found 2-bit register for signal <count>.
    Found 1-bit register for signal <v_sync_reg>.
    Found 1-bit register for signal <h_sync_reg>.
    Found 2-bit adder for signal <count[1]_GND_2_o_add_1_OUT> created at line 41.
    Found 10-bit adder for signal <pixel_x[9]_GND_2_o_add_8_OUT> created at line 71.
    Found 10-bit adder for signal <pixel_y[9]_GND_2_o_add_11_OUT> created at line 74.
    Found 10-bit comparator lessequal for signal <n0016> created at line 77
    Found 10-bit comparator lessequal for signal <n0018> created at line 77
    Found 10-bit comparator lessequal for signal <n0021> created at line 79
    Found 10-bit comparator lessequal for signal <n0023> created at line 79
    Found 10-bit comparator lessequal for signal <n0026> created at line 84
    Found 10-bit comparator lessequal for signal <n0028> created at line 86
    Summary:
	inferred   3 Adder/Subtractor(s).
	inferred  24 D-type flip-flop(s).
	inferred   6 Comparator(s).
	inferred   3 Multiplexer(s).
Unit <vga_sync> synthesized.

Synthesizing Unit <pong_graph_st>.
    Related source file is "C:\Users\016091762\Downloads\Pong\Pong\Pong\pong_graph_st.v".
    Found 10-bit comparator lessequal for signal <n0000> created at line 30
    Found 10-bit comparator lessequal for signal <n0002> created at line 30
    Found 10-bit comparator lessequal for signal <n0005> created at line 34
    Found 10-bit comparator lessequal for signal <n0007> created at line 34
    Found 10-bit comparator lessequal for signal <n0010> created at line 35
    Found 10-bit comparator lessequal for signal <n0013> created at line 35
    Found 10-bit comparator lessequal for signal <n0017> created at line 39
    Found 10-bit comparator lessequal for signal <n0019> created at line 39
    Found 10-bit comparator lessequal for signal <n0022> created at line 40
    Found 10-bit comparator lessequal for signal <n0025> created at line 40
    Summary:
	inferred  10 Comparator(s).
	inferred   3 Multiplexer(s).
Unit <pong_graph_st> synthesized.

=========================================================================
HDL Synthesis Report

Macro Statistics
# Adders/Subtractors                                   : 3
 10-bit adder                                          : 2
 2-bit adder                                           : 1
# Registers                                            : 6
 1-bit register                                        : 2
 10-bit register                                       : 2
 12-bit register                                       : 1
 2-bit register                                        : 1
# Comparators                                          : 16
 10-bit comparator lessequal                           : 16
# Multiplexers                                         : 6
 10-bit 2-to-1 multiplexer                             : 2
 12-bit 2-to-1 multiplexer                             : 3
 2-bit 2-to-1 multiplexer                              : 1

=========================================================================

=========================================================================
*                       Advanced HDL Synthesis                          *
=========================================================================


Synthesizing (advanced) Unit <vga_sync>.
The following registers are absorbed into counter <count>: 1 register on signal <count>.
The following registers are absorbed into counter <pixel_y>: 1 register on signal <pixel_y>.
The following registers are absorbed into counter <pixel_x>: 1 register on signal <pixel_x>.
Unit <vga_sync> synthesized (advanced).

=========================================================================
Advanced HDL Synthesis Report

Macro Statistics
# Counters                                             : 3
 10-bit up counter                                     : 2
 2-bit up counter                                      : 1
# Registers                                            : 14
 Flip-Flops                                            : 14
# Comparators                                          : 16
 10-bit comparator lessequal                           : 16
# Multiplexers                                         : 3
 12-bit 2-to-1 multiplexer                             : 3

=========================================================================

=========================================================================
*                         Low Level Synthesis                           *
=========================================================================
WARNING:Xst:1710 - FF/Latch <rgb_reg_4> (without init value) has a constant value of 0 in block <pong_top_st>. This FF/Latch will be trimmed during the optimization process.
WARNING:Xst:1895 - Due to other FF/Latch trimming, FF/Latch <rgb_reg_7> (without init value) has a constant value of 0 in block <pong_top_st>. This FF/Latch will be trimmed during the optimization process.
INFO:Xst:2261 - The FF/Latch <rgb_reg_5> in Unit <pong_top_st> is equivalent to the following FF/Latch, which will be removed : <rgb_reg_6> 
INFO:Xst:2261 - The FF/Latch <rgb_reg_3> in Unit <pong_top_st> is equivalent to the following FF/Latch, which will be removed : <rgb_reg_11> 
INFO:Xst:2261 - The FF/Latch <rgb_reg_0> in Unit <pong_top_st> is equivalent to the following 5 FFs/Latches, which will be removed : <rgb_reg_1> <rgb_reg_2> <rgb_reg_8> <rgb_reg_9> <rgb_reg_10> 

Optimizing unit <pong_top_st> ...

Optimizing unit <vga_sync> ...

Mapping all equations...
Building and optimizing final netlist ...
Found area constraint ratio of 100 (+ 5) on block pong_top_st, actual ratio is 0.

Final Macro Processing ...

=========================================================================
Final Register Report

Macro Statistics
# Registers                                            : 27
 Flip-Flops                                            : 27

=========================================================================

=========================================================================
*                           Partition Report                            *
=========================================================================

Partition Implementation Status
-------------------------------

  No Partitions were found in this design.

-------------------------------

=========================================================================
*                            Design Summary                             *
=========================================================================

Top Level Output File Name         : pong_top_st.ngc

Primitive and Black Box Usage:
------------------------------
# BELS                             : 91
#      GND                         : 1
#      INV                         : 3
#      LUT1                        : 2
#      LUT2                        : 7
#      LUT3                        : 2
#      LUT4                        : 5
#      LUT5                        : 4
#      LUT6                        : 29
#      MUXCY                       : 18
#      XORCY                       : 20
# FlipFlops/Latches                : 27
#      FDC                         : 4
#      FDCE                        : 20
#      FDE                         : 3
# Clock Buffers                    : 1
#      BUFGP                       : 1
# IO Buffers                       : 15
#      IBUF                        : 1
#      OBUF                        : 14

Device utilization summary:
---------------------------

Selected Device : 7a100tcsg324-3 


Slice Logic Utilization: 
 Number of Slice Registers:              27  out of  126800     0%  
 Number of Slice LUTs:                   52  out of  63400     0%  
    Number used as Logic:                52  out of  63400     0%  

Slice Logic Distribution: 
 Number of LUT Flip Flop pairs used:     52
   Number with an unused Flip Flop:      25  out of     52    48%  
   Number with an unused LUT:             0  out of     52     0%  
   Number of fully used LUT-FF pairs:    27  out of     52    51%  
   Number of unique control sets:         4

IO Utilization: 
 Number of IOs:                          16
 Number of bonded IOBs:                  16  out of    210     7%  

Specific Feature Utilization:
 Number of BUFG/BUFGCTRLs:                1  out of     32     3%  

---------------------------
Partition Resource Summary:
---------------------------

  No Partitions were found in this design.

---------------------------


=========================================================================
Timing Report

NOTE: THESE TIMING NUMBERS ARE ONLY A SYNTHESIS ESTIMATE.
      FOR ACCURATE TIMING INFORMATION PLEASE REFER TO THE TRACE REPORT
      GENERATED AFTER PLACE-and-ROUTE.

Clock Information:
------------------
-----------------------------------+------------------------+-------+
Clock Signal                       | Clock buffer(FF name)  | Load  |
-----------------------------------+------------------------+-------+
clk                                | BUFGP                  | 27    |
-----------------------------------+------------------------+-------+

Asynchronous Control Signals Information:
----------------------------------------
No asynchronous control signals found in this design

Timing Summary:
---------------
Speed Grade: -3

   Minimum period: 2.503ns (Maximum Frequency: 399.489MHz)
   Minimum input arrival time before clock: 0.732ns
   Maximum output required time after clock: 1.033ns
   Maximum combinational path delay: No path found

Timing Details:
---------------
All values displayed in nanoseconds (ns)

=========================================================================
Timing constraint: Default period analysis for Clock 'clk'
  Clock period: 2.503ns (frequency: 399.489MHz)
  Total number of paths / destination ports: 1487 / 50
-------------------------------------------------------------------------
Delay:               2.503ns (Levels of Logic = 12)
  Source:            vsync_unit/pixel_x_1 (FF)
  Destination:       vsync_unit/pixel_x_9 (FF)
  Source Clock:      clk rising
  Destination Clock: clk rising

  Data Path: vsync_unit/pixel_x_1 to vsync_unit/pixel_x_9
                                Gate     Net
    Cell:in->out      fanout   Delay   Delay  Logical Name (Net Name)
    ----------------------------------------  ------------
     FDCE:C->Q             2   0.361   0.688  vsync_unit/pixel_x_1 (vsync_unit/pixel_x_1)
     LUT5:I0->O           12   0.097   0.346  vsync_unit/h_end<9>_SW0 (N4)
     LUT6:I5->O            1   0.097   0.000  vsync_unit/Mcount_pixel_x_lut<0> (vsync_unit/Mcount_pixel_x_lut<0>)
     MUXCY:S->O            1   0.353   0.000  vsync_unit/Mcount_pixel_x_cy<0> (vsync_unit/Mcount_pixel_x_cy<0>)
     MUXCY:CI->O           1   0.023   0.000  vsync_unit/Mcount_pixel_x_cy<1> (vsync_unit/Mcount_pixel_x_cy<1>)
     MUXCY:CI->O           1   0.023   0.000  vsync_unit/Mcount_pixel_x_cy<2> (vsync_unit/Mcount_pixel_x_cy<2>)
     MUXCY:CI->O           1   0.023   0.000  vsync_unit/Mcount_pixel_x_cy<3> (vsync_unit/Mcount_pixel_x_cy<3>)
     MUXCY:CI->O           1   0.023   0.000  vsync_unit/Mcount_pixel_x_cy<4> (vsync_unit/Mcount_pixel_x_cy<4>)
     MUXCY:CI->O           1   0.023   0.000  vsync_unit/Mcount_pixel_x_cy<5> (vsync_unit/Mcount_pixel_x_cy<5>)
     MUXCY:CI->O           1   0.023   0.000  vsync_unit/Mcount_pixel_x_cy<6> (vsync_unit/Mcount_pixel_x_cy<6>)
     MUXCY:CI->O           1   0.023   0.000  vsync_unit/Mcount_pixel_x_cy<7> (vsync_unit/Mcount_pixel_x_cy<7>)
     MUXCY:CI->O           0   0.023   0.000  vsync_unit/Mcount_pixel_x_cy<8> (vsync_unit/Mcount_pixel_x_cy<8>)
     XORCY:CI->O           1   0.370   0.000  vsync_unit/Mcount_pixel_x_xor<9> (vsync_unit/Mcount_pixel_x9)
     FDCE:D                    0.008          vsync_unit/pixel_x_9
    ----------------------------------------
    Total                      2.503ns (1.470ns logic, 1.033ns route)
                                       (58.7% logic, 41.3% route)

=========================================================================
Timing constraint: Default OFFSET IN BEFORE for Clock 'clk'
  Total number of paths / destination ports: 24 / 24
-------------------------------------------------------------------------
Offset:              0.732ns (Levels of Logic = 1)
  Source:            rst (PAD)
  Destination:       vsync_unit/pixel_x_9 (FF)
  Destination Clock: clk rising

  Data Path: rst to vsync_unit/pixel_x_9
                                Gate     Net
    Cell:in->out      fanout   Delay   Delay  Logical Name (Net Name)
    ----------------------------------------  ------------
     IBUF:I->O            24   0.001   0.381  rst_IBUF (rst_IBUF)
     FDC:CLR                   0.349          vsync_unit/v_sync_reg
    ----------------------------------------
    Total                      0.732ns (0.350ns logic, 0.381ns route)
                                       (47.8% logic, 52.2% route)

=========================================================================
Timing constraint: Default OFFSET OUT AFTER for Clock 'clk'
  Total number of paths / destination ports: 12 / 12
-------------------------------------------------------------------------
Offset:              1.033ns (Levels of Logic = 2)
  Source:            vsync_unit/h_sync_reg (FF)
  Destination:       hsync (PAD)
  Source Clock:      clk rising

  Data Path: vsync_unit/h_sync_reg to hsync
                                Gate     Net
    Cell:in->out      fanout   Delay   Delay  Logical Name (Net Name)
    ----------------------------------------  ------------
     FDC:C->Q              1   0.361   0.279  vsync_unit/h_sync_reg (vsync_unit/h_sync_reg)
     INV:I->O              1   0.113   0.279  vsync_unit/hsync1_INV_0 (hsync_OBUF)
     OBUF:I->O                 0.000          hsync_OBUF (hsync)
    ----------------------------------------
    Total                      1.033ns (0.474ns logic, 0.559ns route)
                                       (45.9% logic, 54.1% route)

=========================================================================

Cross Clock Domains Report:
--------------------------

Clock to Setup on destination clock clk
---------------+---------+---------+---------+---------+
               | Src:Rise| Src:Fall| Src:Rise| Src:Fall|
Source Clock   |Dest:Rise|Dest:Rise|Dest:Fall|Dest:Fall|
---------------+---------+---------+---------+---------+
clk            |    2.503|         |         |         |
---------------+---------+---------+---------+---------+

=========================================================================


Total REAL time to Xst completion: 8.00 secs
Total CPU time to Xst completion: 8.26 secs
 
--> 

Total memory usage is 413272 kilobytes

Number of errors   :    0 (   0 filtered)
Number of warnings :    2 (   0 filtered)
Number of infos    :    3 (   0 filtered)

