ISim log file
Running: C:\Users\Rosswell\Documents\Pong\Pong\vga_sync_tf_isim_beh.exe -intstyle ise -gui -tclbatch isim.cmd -wdb C:/Users/Rosswell/Documents/Pong/Pong/vga_sync_tf_isim_beh.wdb 
ISim P.20131013 (signature 0x7708f090)
WARNING: A WEBPACK license was found.
WARNING: Please use Xilinx License Configuration Manager to check out a full ISim license.
WARNING: ISim will run in Lite mode. Please refer to the ISim documentation for more information on the differences between the Lite and the Full version.
This is a Lite version of ISim.
Time resolution is 1 ps
# onerror resume
# wave add /
# run 1000 ns
Simulator is doing circuit initialization process.
Finished circuit initialization process.
# run all
Stopped at time : 7638045 ns : File "C:/Users/Rosswell/Documents/Pong/Pong/vga_sync_tf.v" Line 41
# restart
# run all
Simulator is doing circuit initialization process.
Finished circuit initialization process.
Stopped at time : 65896975 ns : File "C:/Users/Rosswell/Documents/Pong/Pong/vga_sync.v" Line 59
# restart
# run all
Simulator is doing circuit initialization process.
Finished circuit initialization process.
Stopped at time : 16527955 ns : File "C:/Users/Rosswell/Documents/Pong/Pong/vga_sync.v" Line 38
