Release 14.7 - xst P.20131013 (nt)
Copyright (c) 1995-2013 Xilinx, Inc.  All rights reserved.
--> Parameter TMPDIR set to xst/projnav.tmp


Total REAL time to Xst completion: 0.00 secs
Total CPU time to Xst completion: 0.13 secs
 
--> Parameter xsthdpdir set to xst


Total REAL time to Xst completion: 0.00 secs
Total CPU time to Xst completion: 0.13 secs
 
--> Reading design: vga_sync.prj

TABLE OF CONTENTS
  1) Synthesis Options Summary
  2) HDL Parsing
  3) HDL Elaboration
  4) HDL Synthesis
       4.1) HDL Synthesis Report
  5) Advanced HDL Synthesis
       5.1) Advanced HDL Synthesis Report
  6) Low Level Synthesis
  7) Partition Report
  8) Design Summary
       8.1) Primitive and Black Box Usage
       8.2) Device utilization summary
       8.3) Partition Resource Summary
       8.4) Timing Report
            8.4.1) Clock Information
            8.4.2) Asynchronous Control Signals Information
            8.4.3) Timing Summary
            8.4.4) Timing Details
            8.4.5) Cross Clock Domains Report


=========================================================================
*                      Synthesis Options Summary                        *
=========================================================================
---- Source Parameters
Input File Name                    : "vga_sync.prj"
Ignore Synthesis Constraint File   : NO

---- Target Parameters
Output File Name                   : "vga_sync"
Output Format                      : NGC
Target Device                      : xc7a100t-3-csg324

---- Source Options
Top Module Name                    : vga_sync
Automatic FSM Extraction           : YES
FSM Encoding Algorithm             : Auto
Safe Implementation                : No
FSM Style                          : LUT
RAM Extraction                     : Yes
RAM Style                          : Auto
ROM Extraction                     : Yes
Shift Register Extraction          : YES
ROM Style                          : Auto
Resource Sharing                   : YES
Asynchronous To Synchronous        : NO
Shift Register Minimum Size        : 2
Use DSP Block                      : Auto
Automatic Register Balancing       : No

---- Target Options
LUT Combining                      : Auto
Reduce Control Sets                : Auto
Add IO Buffers                     : YES
Global Maximum Fanout              : 100000
Add Generic Clock Buffer(BUFG)     : 32
Register Duplication               : YES
Optimize Instantiated Primitives   : NO
Use Clock Enable                   : Auto
Use Synchronous Set                : Auto
Use Synchronous Reset              : Auto
Pack IO Registers into IOBs        : Auto
Equivalent register Removal        : YES

---- General Options
Optimization Goal                  : Speed
Optimization Effort                : 1
Power Reduction                    : NO
Keep Hierarchy                     : No
Netlist Hierarchy                  : As_Optimized
RTL Output                         : Yes
Global Optimization                : AllClockNets
Read Cores                         : YES
Write Timing Constraints           : NO
Cross Clock Analysis               : NO
Hierarchy Separator                : /
Bus Delimiter                      : <>
Case Specifier                     : Maintain
Slice Utilization Ratio            : 100
BRAM Utilization Ratio             : 100
DSP48 Utilization Ratio            : 100
Auto BRAM Packing                  : NO
Slice Utilization Ratio Delta      : 5

=========================================================================


=========================================================================
*                          HDL Parsing                                  *
=========================================================================
Analyzing Verilog file "C:\Users\Rosswell\Documents\Pong\Pong\vga_sync.v" into library work
Parsing module <vga_sync>.

=========================================================================
*                            HDL Elaboration                            *
=========================================================================

Elaborating module <vga_sync>.
WARNING:HDLCompiler:413 - "C:\Users\Rosswell\Documents\Pong\Pong\vga_sync.v" Line 76: Result of 32-bit expression is truncated to fit in 10-bit target.

=========================================================================
*                           HDL Synthesis                               *
=========================================================================

Synthesizing Unit <vga_sync>.
    Related source file is "C:\Users\Rosswell\Documents\Pong\Pong\vga_sync.v".
    Found 10-bit register for signal <v_count_reg>.
    Found 10-bit register for signal <h_count_reg>.
    Found 2-bit register for signal <count>.
    Found 1-bit register for signal <v_sync_reg>.
    Found 1-bit register for signal <h_sync_reg>.
    Found 2-bit adder for signal <count[1]_GND_1_o_add_1_OUT> created at line 43.
    Found 10-bit adder for signal <h_count_reg[9]_GND_1_o_add_8_OUT> created at line 73.
    Found 11-bit adder for signal <n0061[10:0]> created at line 76.
    Found 10-bit comparator lessequal for signal <n0016> created at line 79
    Found 10-bit comparator lessequal for signal <n0018> created at line 79
    Found 10-bit comparator lessequal for signal <n0021> created at line 81
    Found 10-bit comparator lessequal for signal <n0023> created at line 81
    Found 10-bit comparator lessequal for signal <n0026> created at line 86
    Found 10-bit comparator lessequal for signal <n0028> created at line 88
    Summary:
	inferred   3 Adder/Subtractor(s).
	inferred  24 D-type flip-flop(s).
	inferred   6 Comparator(s).
	inferred   4 Multiplexer(s).
Unit <vga_sync> synthesized.

=========================================================================
HDL Synthesis Report

Macro Statistics
# Adders/Subtractors                                   : 3
 10-bit adder                                          : 1
 11-bit adder                                          : 1
 2-bit adder                                           : 1
# Registers                                            : 5
 1-bit register                                        : 2
 10-bit register                                       : 2
 2-bit register                                        : 1
# Comparators                                          : 6
 10-bit comparator lessequal                           : 6
# Multiplexers                                         : 4
 10-bit 2-to-1 multiplexer                             : 1
 12-bit 2-to-1 multiplexer                             : 1
 2-bit 2-to-1 multiplexer                              : 1
 32-bit 2-to-1 multiplexer                             : 1

=========================================================================

=========================================================================
*                       Advanced HDL Synthesis                          *
=========================================================================


Synthesizing (advanced) Unit <vga_sync>.
The following registers are absorbed into counter <count>: 1 register on signal <count>.
The following registers are absorbed into counter <h_count_reg>: 1 register on signal <h_count_reg>.
Unit <vga_sync> synthesized (advanced).

=========================================================================
Advanced HDL Synthesis Report

Macro Statistics
# Adders/Subtractors                                   : 1
 11-bit adder                                          : 1
# Counters                                             : 2
 10-bit up counter                                     : 1
 2-bit up counter                                      : 1
# Registers                                            : 12
 Flip-Flops                                            : 12
# Comparators                                          : 6
 10-bit comparator lessequal                           : 6
# Multiplexers                                         : 2
 12-bit 2-to-1 multiplexer                             : 1
 32-bit 2-to-1 multiplexer                             : 1

=========================================================================

=========================================================================
*                         Low Level Synthesis                           *
=========================================================================

Optimizing unit <vga_sync> ...

Mapping all equations...
Building and optimizing final netlist ...
Found area constraint ratio of 100 (+ 5) on block vga_sync, actual ratio is 0.

Final Macro Processing ...

=========================================================================
Final Register Report

Macro Statistics
# Registers                                            : 24
 Flip-Flops                                            : 24

=========================================================================

=========================================================================
*                           Partition Report                            *
=========================================================================

Partition Implementation Status
-------------------------------

  No Partitions were found in this design.

-------------------------------

=========================================================================
*                            Design Summary                             *
=========================================================================

Top Level Output File Name         : vga_sync.ngc

Primitive and Black Box Usage:
------------------------------
# BELS                             : 71
#      GND                         : 1
#      INV                         : 3
#      LUT2                        : 19
#      LUT3                        : 2
#      LUT4                        : 3
#      LUT5                        : 4
#      LUT6                        : 20
#      MUXCY                       : 9
#      XORCY                       : 10
# FlipFlops/Latches                : 24
#      FDC                         : 4
#      FDCE                        : 20
# Clock Buffers                    : 1
#      BUFGP                       : 1
# IO Buffers                       : 27
#      IBUF                        : 13
#      OBUF                        : 14

Device utilization summary:
---------------------------

Selected Device : 7a100tcsg324-3 


Slice Logic Utilization: 
 Number of Slice Registers:              24  out of  126800     0%  
 Number of Slice LUTs:                   51  out of  63400     0%  
    Number used as Logic:                51  out of  63400     0%  

Slice Logic Distribution: 
 Number of LUT Flip Flop pairs used:     51
   Number with an unused Flip Flop:      27  out of     51    52%  
   Number with an unused LUT:             0  out of     51     0%  
   Number of fully used LUT-FF pairs:    24  out of     51    47%  
   Number of unique control sets:         3

IO Utilization: 
 Number of IOs:                          28
 Number of bonded IOBs:                  28  out of    210    13%  

Specific Feature Utilization:
 Number of BUFG/BUFGCTRLs:                1  out of     32     3%  

---------------------------
Partition Resource Summary:
---------------------------

  No Partitions were found in this design.

---------------------------


=========================================================================
Timing Report

NOTE: THESE TIMING NUMBERS ARE ONLY A SYNTHESIS ESTIMATE.
      FOR ACCURATE TIMING INFORMATION PLEASE REFER TO THE TRACE REPORT
      GENERATED AFTER PLACE-and-ROUTE.

Clock Information:
------------------
-----------------------------------+------------------------+-------+
Clock Signal                       | Clock buffer(FF name)  | Load  |
-----------------------------------+------------------------+-------+
clk                                | BUFGP                  | 24    |
-----------------------------------+------------------------+-------+

Asynchronous Control Signals Information:
----------------------------------------
No asynchronous control signals found in this design

Timing Summary:
---------------
Speed Grade: -3

   Minimum period: 2.509ns (Maximum Frequency: 398.597MHz)
   Minimum input arrival time before clock: 0.732ns
   Maximum output required time after clock: 2.402ns
   Maximum combinational path delay: 0.673ns

Timing Details:
---------------
All values displayed in nanoseconds (ns)

=========================================================================
Timing constraint: Default period analysis for Clock 'clk'
  Clock period: 2.509ns (frequency: 398.597MHz)
  Total number of paths / destination ports: 974 / 44
-------------------------------------------------------------------------
Delay:               2.509ns (Levels of Logic = 12)
  Source:            h_count_reg_6 (FF)
  Destination:       h_count_reg_9 (FF)
  Source Clock:      clk rising
  Destination Clock: clk rising

  Data Path: h_count_reg_6 to h_count_reg_9
                                Gate     Net
    Cell:in->out      fanout   Delay   Delay  Logical Name (Net Name)
    ----------------------------------------  ------------
     FDCE:C->Q             3   0.361   0.693  h_count_reg_6 (h_count_reg_6)
     LUT5:I0->O           12   0.097   0.346  h_end<9>_SW0 (N5)
     LUT6:I5->O            1   0.097   0.000  Mcount_h_count_reg_lut<0> (Mcount_h_count_reg_lut<0>)
     MUXCY:S->O            1   0.353   0.000  Mcount_h_count_reg_cy<0> (Mcount_h_count_reg_cy<0>)
     MUXCY:CI->O           1   0.023   0.000  Mcount_h_count_reg_cy<1> (Mcount_h_count_reg_cy<1>)
     MUXCY:CI->O           1   0.023   0.000  Mcount_h_count_reg_cy<2> (Mcount_h_count_reg_cy<2>)
     MUXCY:CI->O           1   0.023   0.000  Mcount_h_count_reg_cy<3> (Mcount_h_count_reg_cy<3>)
     MUXCY:CI->O           1   0.023   0.000  Mcount_h_count_reg_cy<4> (Mcount_h_count_reg_cy<4>)
     MUXCY:CI->O           1   0.023   0.000  Mcount_h_count_reg_cy<5> (Mcount_h_count_reg_cy<5>)
     MUXCY:CI->O           1   0.023   0.000  Mcount_h_count_reg_cy<6> (Mcount_h_count_reg_cy<6>)
     MUXCY:CI->O           1   0.023   0.000  Mcount_h_count_reg_cy<7> (Mcount_h_count_reg_cy<7>)
     MUXCY:CI->O           0   0.023   0.000  Mcount_h_count_reg_cy<8> (Mcount_h_count_reg_cy<8>)
     XORCY:CI->O           1   0.370   0.000  Mcount_h_count_reg_xor<9> (Mcount_h_count_reg9)
     FDCE:D                    0.008          h_count_reg_9
    ----------------------------------------
    Total                      2.509ns (1.470ns logic, 1.039ns route)
                                       (58.6% logic, 41.4% route)

=========================================================================
Timing constraint: Default OFFSET IN BEFORE for Clock 'clk'
  Total number of paths / destination ports: 24 / 24
-------------------------------------------------------------------------
Offset:              0.732ns (Levels of Logic = 1)
  Source:            rst (PAD)
  Destination:       v_sync_reg (FF)
  Destination Clock: clk rising

  Data Path: rst to v_sync_reg
                                Gate     Net
    Cell:in->out      fanout   Delay   Delay  Logical Name (Net Name)
    ----------------------------------------  ------------
     IBUF:I->O            24   0.001   0.381  rst_IBUF (rst_IBUF)
     FDC:CLR                   0.349          v_sync_reg
    ----------------------------------------
    Total                      0.732ns (0.350ns logic, 0.381ns route)
                                       (47.8% logic, 52.2% route)

=========================================================================
Timing constraint: Default OFFSET OUT AFTER for Clock 'clk'
  Total number of paths / destination ports: 98 / 14
-------------------------------------------------------------------------
Offset:              2.402ns (Levels of Logic = 4)
  Source:            v_count_reg_5 (FF)
  Destination:       vga_rgb<11> (PAD)
  Source Clock:      clk rising

  Data Path: v_count_reg_5 to vga_rgb<11>
                                Gate     Net
    Cell:in->out      fanout   Delay   Delay  Logical Name (Net Name)
    ----------------------------------------  ------------
     FDCE:C->Q             5   0.361   0.530  v_count_reg_5 (v_count_reg_5)
     LUT3:I0->O            1   0.097   0.511  video_on_SW0 (N9)
     LUT6:I3->O           12   0.097   0.430  video_on (video_on)
     LUT2:I0->O            1   0.097   0.279  Mmux_vga_rgb121 (vga_rgb_9_OBUF)
     OBUF:I->O                 0.000          vga_rgb_9_OBUF (vga_rgb<9>)
    ----------------------------------------
    Total                      2.402ns (0.652ns logic, 1.751ns route)
                                       (27.1% logic, 72.9% route)

=========================================================================
Timing constraint: Default path analysis
  Total number of paths / destination ports: 12 / 12
-------------------------------------------------------------------------
Delay:               0.673ns (Levels of Logic = 3)
  Source:            sw<11> (PAD)
  Destination:       vga_rgb<11> (PAD)

  Data Path: sw<11> to vga_rgb<11>
                                Gate     Net
    Cell:in->out      fanout   Delay   Delay  Logical Name (Net Name)
    ----------------------------------------  ------------
     IBUF:I->O             1   0.001   0.295  sw_11_IBUF (sw_11_IBUF)
     LUT2:I1->O            1   0.097   0.279  Mmux_vga_rgb31 (vga_rgb_11_OBUF)
     OBUF:I->O                 0.000          vga_rgb_11_OBUF (vga_rgb<11>)
    ----------------------------------------
    Total                      0.673ns (0.098ns logic, 0.575ns route)
                                       (14.6% logic, 85.4% route)

=========================================================================

Cross Clock Domains Report:
--------------------------

Clock to Setup on destination clock clk
---------------+---------+---------+---------+---------+
               | Src:Rise| Src:Fall| Src:Rise| Src:Fall|
Source Clock   |Dest:Rise|Dest:Rise|Dest:Fall|Dest:Fall|
---------------+---------+---------+---------+---------+
clk            |    2.509|         |         |         |
---------------+---------+---------+---------+---------+

=========================================================================


Total REAL time to Xst completion: 8.00 secs
Total CPU time to Xst completion: 8.11 secs
 
--> 

Total memory usage is 398144 kilobytes

Number of errors   :    0 (   0 filtered)
Number of warnings :    1 (   0 filtered)
Number of infos    :    0 (   0 filtered)

