Command line:
   pong_top_tf_isim_beh.exe
     -simmode  gui
     -simrunnum  0
     -socket  59705

Wed Apr 18 19:06:25 2018


 Elaboration Time: 0.03125 sec

 Current Memory Usage: 876.54 Meg

 Total Signals          : 52
 Total Nets             : 131
 Total Signal Drivers   : 32
 Total Blocks           : 5
 Total Primitive Blocks : 3
 Total Processes        : 42
 Total Traceable Variables  : 30
 Total Scalar Nets and Variables : 297
Total Line Count : 72

 Total Simulation Time: 2.90625 sec

 Current Memory Usage: 404.681 Meg

Wed Apr 18 23:29:46 2018

